<?xml version="1.0" encoding="UTF-8"?>
<testsuite xmlns:xsi="http://www.w3.org/2001/XMLSchema-instance" xsi:noNamespaceSchemaLocation="https://maven.apache.org/surefire/maven-surefire-plugin/xsd/surefire-test-report.xsd" name="com.schoology.runners.CukesRunner" time="15.32" tests="3" errors="0" skipped="0" failures="0">
  <properties>
[...]
</properties>
  <testcase name="Login as wrogUser" classname="Login" time="4.482"/>
  <testcase name="Login as wrogUser" classname="Login" time="6.955"/>
  <testcase name="Login as wrogUser" classname="Login" time="3.086"/>
</testsuite>